#
# There is insufficient memory for the Java Runtime Environment to continue.
# Native memory allocation (malloc) failed to allocate 606816 bytes for Chunk::new
# Possible reasons:
#   The system is out of physical RAM or swap space
#   The process is running with CompressedOops enabled, and the Java Heap may be blocking the growth of the native heap
# Possible solutions:
#   Reduce memory load on the system
#   Increase physical memory or swap space
#   Check if swap backing store is full
#   Decrease Java heap size (-Xmx/-Xms)
#   Decrease number of Java threads
#   Decrease Java thread stack sizes (-Xss)
#   Set larger code cache with -XX:ReservedCodeCacheSize=
#   JVM is running with Unscaled Compressed Oops mode in which the Java heap is
#     placed in the first 4GB address space. The Java Heap base address is the
#     maximum limit for the native heap growth. Please use -XX:HeapBaseMinAddress
#     to set the Java Heap base and to place the Java Heap above 4GB virtual address.
# This output file may be truncated or incomplete.
#
#  Out of Memory Error (arena.cpp:189), pid=9608, tid=13168
#
# JRE version: Java(TM) SE Runtime Environment (17.0.1+12) (build 17.0.1+12-LTS-39)
# Java VM: Java HotSpot(TM) 64-Bit Server VM (17.0.1+12-LTS-39, mixed mode, sharing, tiered, compressed oops, compressed class ptrs, g1 gc, windows-amd64)
# No core dump will be written. Minidumps are not enabled by default on client versions of Windows
#

---------------  S U M M A R Y ------------

Command Line: -Dclassworlds.conf=C:\Program Files\NetBeans-12.6\netbeans\java\maven\bin\..\bin\m2.conf -Dmaven.home=C:\Program Files\NetBeans-12.6\netbeans\java\maven\bin\.. -Dlibrary.jansi.path=C:\Program Files\NetBeans-12.6\netbeans\java\maven\bin\..\lib\jansi-native -Dmaven.multiModuleProjectDirectory=C:\Users\Hp\Documents\NetBeansProjects\BADRS org.codehaus.plexus.classworlds.launcher.Launcher -Dexec.vmArgs= -Dexec.args=${exec.vmArgs} -classpath %classpath ${exec.mainClass} ${exec.appArgs} -Dexec.executable=C:\Program Files\Java\jdk-17.0.1\bin\java.exe -Dexec.mainClass=auk.edu.ng.badrs.Login -Dexec.classpathScope=runtime -Dexec.appArgs= -Dmaven.ext.class.path=C:\Program Files\NetBeans-12.6\netbeans\java\maven-nblib\netbeans-eventspy.jar -Dfile.encoding=UTF-8 org.codehaus.mojo:exec-maven-plugin:3.0.0:exec

Host: Intel(R) Core(TM) i3-1005G1 CPU @ 1.20GHz, 4 cores, 7G,  Windows 10 , 64 bit Build 22000 (10.0.22000.434)
Time: Tue Jan 25 14:24:07 2022 W. Central Africa Standard Time elapsed time: 1.051132 seconds (0d 0h 0m 1s)

---------------  T H R E A D  ---------------

Current thread (0x000002b6521b9970):  JavaThread "C2 CompilerThread1" daemon [_thread_in_native, id=13168, stack(0x000000c016d00000,0x000000c016e00000)]


Current CompileTask:
C2:   1051 1747   !   4       java.net.URL::<init> (543 bytes)

Stack: [0x000000c016d00000,0x000000c016e00000]
Native frames: (J=compiled Java code, j=interpreted, Vv=VM code, C=native code)
V  [jvm.dll+0x66fa1a]
V  [jvm.dll+0x7ce5a4]
V  [jvm.dll+0x7cfd4e]
V  [jvm.dll+0x7d03b3]
V  [jvm.dll+0x242b05]
V  [jvm.dll+0xaa05b]
V  [jvm.dll+0xaa5ec]
V  [jvm.dll+0x2a953f]
V  [jvm.dll+0x5785a9]
V  [jvm.dll+0x21dd7d]
V  [jvm.dll+0x21e15f]
V  [jvm.dll+0x217a2a]
V  [jvm.dll+0x214f05]
V  [jvm.dll+0x1a168d]
V  [jvm.dll+0x224848]
V  [jvm.dll+0x2229ac]
V  [jvm.dll+0x78435b]
V  [jvm.dll+0x77e91a]
V  [jvm.dll+0x66e845]
C  [ucrtbase.dll+0x26c0c]
C  [KERNEL32.DLL+0x154e0]
C  [ntdll.dll+0x485b]


---------------  P R O C E S S  ---------------

Threads class SMR info:
_java_thread_list=0x000002b6524f84b0, length=13, elements={
0x000002b633bf36c0, 0x000002b6511a9e50, 0x000002b6511aa710, 0x000002b6511bf5b0,
0x000002b6511bfe70, 0x000002b6511c2740, 0x000002b6511c3000, 0x000002b6511c9130,
0x000002b6511c7140, 0x000002b6511c7650, 0x000002b651cb09d0, 0x000002b651cb8710,
0x000002b6521b9970
}

Java Threads: ( => current thread )
  0x000002b633bf36c0 JavaThread "main" [_thread_in_vm, id=12264, stack(0x000000c015700000,0x000000c015800000)]
  0x000002b6511a9e50 JavaThread "Reference Handler" daemon [_thread_blocked, id=7120, stack(0x000000c015e00000,0x000000c015f00000)]
  0x000002b6511aa710 JavaThread "Finalizer" daemon [_thread_blocked, id=10596, stack(0x000000c015f00000,0x000000c016000000)]
  0x000002b6511bf5b0 JavaThread "Signal Dispatcher" daemon [_thread_blocked, id=1124, stack(0x000000c016000000,0x000000c016100000)]
  0x000002b6511bfe70 JavaThread "Attach Listener" daemon [_thread_blocked, id=12400, stack(0x000000c016100000,0x000000c016200000)]
  0x000002b6511c2740 JavaThread "Service Thread" daemon [_thread_blocked, id=11316, stack(0x000000c016200000,0x000000c016300000)]
  0x000002b6511c3000 JavaThread "Monitor Deflation Thread" daemon [_thread_blocked, id=13708, stack(0x000000c016300000,0x000000c016400000)]
  0x000002b6511c9130 JavaThread "C2 CompilerThread0" daemon [_thread_blocked, id=14904, stack(0x000000c016400000,0x000000c016500000)]
  0x000002b6511c7140 JavaThread "C1 CompilerThread0" daemon [_thread_blocked, id=13288, stack(0x000000c016500000,0x000000c016600000)]
  0x000002b6511c7650 JavaThread "Sweeper thread" daemon [_thread_blocked, id=14868, stack(0x000000c016600000,0x000000c016700000)]
  0x000002b651cb09d0 JavaThread "Notification Thread" daemon [_thread_blocked, id=12000, stack(0x000000c016700000,0x000000c016800000)]
  0x000002b651cb8710 JavaThread "Common-Cleaner" daemon [_thread_blocked, id=11348, stack(0x000000c016900000,0x000000c016a00000)]
=>0x000002b6521b9970 JavaThread "C2 CompilerThread1" daemon [_thread_in_native, id=13168, stack(0x000000c016d00000,0x000000c016e00000)]

Other Threads:
  0x000002b6511a45a0 VMThread "VM Thread" [stack: 0x000000c015d00000,0x000000c015e00000] [id=14656]
  0x000002b633c47380 WatcherThread [stack: 0x000000c016800000,0x000000c016900000] [id=13044]
  0x000002b633c2d8e0 GCTaskThread "GC Thread#0" [stack: 0x000000c015800000,0x000000c015900000] [id=14992]
  0x000002b651d710c0 GCTaskThread "GC Thread#1" [stack: 0x000000c016a00000,0x000000c016b00000] [id=9088]
  0x000002b652445440 GCTaskThread "GC Thread#2" [stack: 0x000000c016b00000,0x000000c016c00000] [id=13848]
  0x000002b65245b650 GCTaskThread "GC Thread#3" [stack: 0x000000c016c00000,0x000000c016d00000] [id=9624]
  0x000002b633c3ed80 ConcurrentGCThread "G1 Main Marker" [stack: 0x000000c015900000,0x000000c015a00000] [id=8216]
  0x000002b633c40e50 ConcurrentGCThread "G1 Conc#0" [stack: 0x000000c015a00000,0x000000c015b00000] [id=12296]
  0x000002b633cab9a0 ConcurrentGCThread "G1 Refine#0" [stack: 0x000000c015b00000,0x000000c015c00000] [id=13324]
  0x000002b633cac2d0 ConcurrentGCThread "G1 Service" [stack: 0x000000c015c00000,0x000000c015d00000] [id=8172]

Threads with active compile tasks:
C2 CompilerThread1     1074 1747   !   4       java.net.URL::<init> (543 bytes)

VM state: not at safepoint (normal execution)

VM Mutex/Monitor currently owned by a thread:  ([mutex/lock_event])
[0x000002b633bf0360] Metaspace_lock - owner thread: 0x000002b633bf36c0

Heap address: 0x0000000084e00000, size: 1970 MB, Compressed Oops mode: 32-bit

CDS archive(s) mapped at: [0x0000000800000000-0x0000000800bc0000-0x0000000800bc0000), size 12320768, SharedBaseAddress: 0x0000000800000000, ArchiveRelocationMode: 0.
Compressed class space mapped at: 0x0000000800c00000-0x0000000840c00000, reserved size: 1073741824
Narrow klass base: 0x0000000800000000, Narrow klass shift: 0, Narrow klass range: 0x100000000

GC Precious Log:
 CPUs: 4 total, 4 available
 Memory: 7877M
 Large Page Support: Disabled
 NUMA Support: Disabled
 Compressed Oops: Enabled (32-bit)
 Heap Region Size: 1M
 Heap Min Capacity: 8M
 Heap Initial Capacity: 124M
 Heap Max Capacity: 1970M
 Pre-touch: Disabled
 Parallel Workers: 4
 Concurrent Workers: 1
 Concurrent Refinement Workers: 4
 Periodic GC: Disabled

Heap:
 garbage-first heap   total 126976K, used 32584K [0x0000000084e00000, 0x0000000100000000)
  region size 1024K, 30 young (30720K), 1 survivors (1024K)
 Metaspace       used 10248K, committed 10368K, reserved 1064960K
  class space    used 1256K, committed 1344K, reserved 1048576K

Heap Regions: E=young(eden), S=young(survivor), O=old, HS=humongous(starts), HC=humongous(continues), CS=collection set, F=free, OA=open archive, CA=closed archive, TAMS=top-at-mark-start (previous, next)
|   0|0x0000000084e00000, 0x0000000084f00000, 0x0000000084f00000|100%| O|  |TAMS 0x0000000084e00000, 0x0000000084e00000| Untracked 
|   1|0x0000000084f00000, 0x0000000085000000, 0x0000000085000000|100%| O|  |TAMS 0x0000000084f00000, 0x0000000084f00000| Untracked 
|   2|0x0000000085000000, 0x0000000085100000, 0x0000000085100000|100%| O|  |TAMS 0x0000000085000000, 0x0000000085000000| Untracked 
|   3|0x0000000085100000, 0x0000000085118c00, 0x0000000085200000|  9%| O|  |TAMS 0x0000000085100000, 0x0000000085100000| Untracked 
|   4|0x0000000085200000, 0x0000000085200000, 0x0000000085300000|  0%| F|  |TAMS 0x0000000085200000, 0x0000000085200000| Untracked 
|   5|0x0000000085300000, 0x0000000085300000, 0x0000000085400000|  0%| F|  |TAMS 0x0000000085300000, 0x0000000085300000| Untracked 
|   6|0x0000000085400000, 0x0000000085400000, 0x0000000085500000|  0%| F|  |TAMS 0x0000000085400000, 0x0000000085400000| Untracked 
|   7|0x0000000085500000, 0x0000000085500000, 0x0000000085600000|  0%| F|  |TAMS 0x0000000085500000, 0x0000000085500000| Untracked 
|   8|0x0000000085600000, 0x0000000085600000, 0x0000000085700000|  0%| F|  |TAMS 0x0000000085600000, 0x0000000085600000| Untracked 
|   9|0x0000000085700000, 0x0000000085700000, 0x0000000085800000|  0%| F|  |TAMS 0x0000000085700000, 0x0000000085700000| Untracked 
|  10|0x0000000085800000, 0x0000000085800000, 0x0000000085900000|  0%| F|  |TAMS 0x0000000085800000, 0x0000000085800000| Untracked 
|  11|0x0000000085900000, 0x0000000085900000, 0x0000000085a00000|  0%| F|  |TAMS 0x0000000085900000, 0x0000000085900000| Untracked 
|  12|0x0000000085a00000, 0x0000000085a00000, 0x0000000085b00000|  0%| F|  |TAMS 0x0000000085a00000, 0x0000000085a00000| Untracked 
|  13|0x0000000085b00000, 0x0000000085b00000, 0x0000000085c00000|  0%| F|  |TAMS 0x0000000085b00000, 0x0000000085b00000| Untracked 
|  14|0x0000000085c00000, 0x0000000085c00000, 0x0000000085d00000|  0%| F|  |TAMS 0x0000000085c00000, 0x0000000085c00000| Untracked 
|  15|0x0000000085d00000, 0x0000000085d00000, 0x0000000085e00000|  0%| F|  |TAMS 0x0000000085d00000, 0x0000000085d00000| Untracked 
|  16|0x0000000085e00000, 0x0000000085e00000, 0x0000000085f00000|  0%| F|  |TAMS 0x0000000085e00000, 0x0000000085e00000| Untracked 
|  17|0x0000000085f00000, 0x0000000085f00000, 0x0000000086000000|  0%| F|  |TAMS 0x0000000085f00000, 0x0000000085f00000| Untracked 
|  18|0x0000000086000000, 0x0000000086000000, 0x0000000086100000|  0%| F|  |TAMS 0x0000000086000000, 0x0000000086000000| Untracked 
|  19|0x0000000086100000, 0x0000000086100000, 0x0000000086200000|  0%| F|  |TAMS 0x0000000086100000, 0x0000000086100000| Untracked 
|  20|0x0000000086200000, 0x0000000086200000, 0x0000000086300000|  0%| F|  |TAMS 0x0000000086200000, 0x0000000086200000| Untracked 
|  21|0x0000000086300000, 0x0000000086300000, 0x0000000086400000|  0%| F|  |TAMS 0x0000000086300000, 0x0000000086300000| Untracked 
|  22|0x0000000086400000, 0x0000000086400000, 0x0000000086500000|  0%| F|  |TAMS 0x0000000086400000, 0x0000000086400000| Untracked 
|  23|0x0000000086500000, 0x0000000086500000, 0x0000000086600000|  0%| F|  |TAMS 0x0000000086500000, 0x0000000086500000| Untracked 
|  24|0x0000000086600000, 0x0000000086600000, 0x0000000086700000|  0%| F|  |TAMS 0x0000000086600000, 0x0000000086600000| Untracked 
|  25|0x0000000086700000, 0x0000000086700000, 0x0000000086800000|  0%| F|  |TAMS 0x0000000086700000, 0x0000000086700000| Untracked 
|  26|0x0000000086800000, 0x0000000086800000, 0x0000000086900000|  0%| F|  |TAMS 0x0000000086800000, 0x0000000086800000| Untracked 
|  27|0x0000000086900000, 0x0000000086900000, 0x0000000086a00000|  0%| F|  |TAMS 0x0000000086900000, 0x0000000086900000| Untracked 
|  28|0x0000000086a00000, 0x0000000086a00000, 0x0000000086b00000|  0%| F|  |TAMS 0x0000000086a00000, 0x0000000086a00000| Untracked 
|  29|0x0000000086b00000, 0x0000000086b00000, 0x0000000086c00000|  0%| F|  |TAMS 0x0000000086b00000, 0x0000000086b00000| Untracked 
|  30|0x0000000086c00000, 0x0000000086c00000, 0x0000000086d00000|  0%| F|  |TAMS 0x0000000086c00000, 0x0000000086c00000| Untracked 
|  31|0x0000000086d00000, 0x0000000086d00000, 0x0000000086e00000|  0%| F|  |TAMS 0x0000000086d00000, 0x0000000086d00000| Untracked 
|  32|0x0000000086e00000, 0x0000000086e00000, 0x0000000086f00000|  0%| F|  |TAMS 0x0000000086e00000, 0x0000000086e00000| Untracked 
|  33|0x0000000086f00000, 0x0000000086f00000, 0x0000000087000000|  0%| F|  |TAMS 0x0000000086f00000, 0x0000000086f00000| Untracked 
|  34|0x0000000087000000, 0x0000000087000000, 0x0000000087100000|  0%| F|  |TAMS 0x0000000087000000, 0x0000000087000000| Untracked 
|  35|0x0000000087100000, 0x0000000087100000, 0x0000000087200000|  0%| F|  |TAMS 0x0000000087100000, 0x0000000087100000| Untracked 
|  36|0x0000000087200000, 0x0000000087200000, 0x0000000087300000|  0%| F|  |TAMS 0x0000000087200000, 0x0000000087200000| Untracked 
|  37|0x0000000087300000, 0x0000000087300000, 0x0000000087400000|  0%| F|  |TAMS 0x0000000087300000, 0x0000000087300000| Untracked 
|  38|0x0000000087400000, 0x0000000087400000, 0x0000000087500000|  0%| F|  |TAMS 0x0000000087400000, 0x0000000087400000| Untracked 
|  39|0x0000000087500000, 0x0000000087500000, 0x0000000087600000|  0%| F|  |TAMS 0x0000000087500000, 0x0000000087500000| Untracked 
|  40|0x0000000087600000, 0x0000000087600000, 0x0000000087700000|  0%| F|  |TAMS 0x0000000087600000, 0x0000000087600000| Untracked 
|  41|0x0000000087700000, 0x0000000087700000, 0x0000000087800000|  0%| F|  |TAMS 0x0000000087700000, 0x0000000087700000| Untracked 
|  42|0x0000000087800000, 0x0000000087800000, 0x0000000087900000|  0%| F|  |TAMS 0x0000000087800000, 0x0000000087800000| Untracked 
|  43|0x0000000087900000, 0x0000000087900000, 0x0000000087a00000|  0%| F|  |TAMS 0x0000000087900000, 0x0000000087900000| Untracked 
|  44|0x0000000087a00000, 0x0000000087a00000, 0x0000000087b00000|  0%| F|  |TAMS 0x0000000087a00000, 0x0000000087a00000| Untracked 
|  45|0x0000000087b00000, 0x0000000087b00000, 0x0000000087c00000|  0%| F|  |TAMS 0x0000000087b00000, 0x0000000087b00000| Untracked 
|  46|0x0000000087c00000, 0x0000000087c00000, 0x0000000087d00000|  0%| F|  |TAMS 0x0000000087c00000, 0x0000000087c00000| Untracked 
|  47|0x0000000087d00000, 0x0000000087d00000, 0x0000000087e00000|  0%| F|  |TAMS 0x0000000087d00000, 0x0000000087d00000| Untracked 
|  48|0x0000000087e00000, 0x0000000087e00000, 0x0000000087f00000|  0%| F|  |TAMS 0x0000000087e00000, 0x0000000087e00000| Untracked 
|  49|0x0000000087f00000, 0x0000000087f00000, 0x0000000088000000|  0%| F|  |TAMS 0x0000000087f00000, 0x0000000087f00000| Untracked 
|  50|0x0000000088000000, 0x0000000088000000, 0x0000000088100000|  0%| F|  |TAMS 0x0000000088000000, 0x0000000088000000| Untracked 
|  51|0x0000000088100000, 0x0000000088100000, 0x0000000088200000|  0%| F|  |TAMS 0x0000000088100000, 0x0000000088100000| Untracked 
|  52|0x0000000088200000, 0x0000000088200000, 0x0000000088300000|  0%| F|  |TAMS 0x0000000088200000, 0x0000000088200000| Untracked 
|  53|0x0000000088300000, 0x0000000088300000, 0x0000000088400000|  0%| F|  |TAMS 0x0000000088300000, 0x0000000088300000| Untracked 
|  54|0x0000000088400000, 0x0000000088400000, 0x0000000088500000|  0%| F|  |TAMS 0x0000000088400000, 0x0000000088400000| Untracked 
|  55|0x0000000088500000, 0x0000000088500000, 0x0000000088600000|  0%| F|  |TAMS 0x0000000088500000, 0x0000000088500000| Untracked 
|  56|0x0000000088600000, 0x0000000088600000, 0x0000000088700000|  0%| F|  |TAMS 0x0000000088600000, 0x0000000088600000| Untracked 
|  57|0x0000000088700000, 0x0000000088700000, 0x0000000088800000|  0%| F|  |TAMS 0x0000000088700000, 0x0000000088700000| Untracked 
|  58|0x0000000088800000, 0x0000000088800000, 0x0000000088900000|  0%| F|  |TAMS 0x0000000088800000, 0x0000000088800000| Untracked 
|  59|0x0000000088900000, 0x0000000088900000, 0x0000000088a00000|  0%| F|  |TAMS 0x0000000088900000, 0x0000000088900000| Untracked 
|  60|0x0000000088a00000, 0x0000000088a00000, 0x0000000088b00000|  0%| F|  |TAMS 0x0000000088a00000, 0x0000000088a00000| Untracked 
|  61|0x0000000088b00000, 0x0000000088b00000, 0x0000000088c00000|  0%| F|  |TAMS 0x0000000088b00000, 0x0000000088b00000| Untracked 
|  62|0x0000000088c00000, 0x0000000088c00000, 0x0000000088d00000|  0%| F|  |TAMS 0x0000000088c00000, 0x0000000088c00000| Untracked 
|  63|0x0000000088d00000, 0x0000000088d00000, 0x0000000088e00000|  0%| F|  |TAMS 0x0000000088d00000, 0x0000000088d00000| Untracked 
|  64|0x0000000088e00000, 0x0000000088e00000, 0x0000000088f00000|  0%| F|  |TAMS 0x0000000088e00000, 0x0000000088e00000| Untracked 
|  65|0x0000000088f00000, 0x0000000088f00000, 0x0000000089000000|  0%| F|  |TAMS 0x0000000088f00000, 0x0000000088f00000| Untracked 
|  66|0x0000000089000000, 0x0000000089000000, 0x0000000089100000|  0%| F|  |TAMS 0x0000000089000000, 0x0000000089000000| Untracked 
|  67|0x0000000089100000, 0x0000000089100000, 0x0000000089200000|  0%| F|  |TAMS 0x0000000089100000, 0x0000000089100000| Untracked 
|  68|0x0000000089200000, 0x0000000089200000, 0x0000000089300000|  0%| F|  |TAMS 0x0000000089200000, 0x0000000089200000| Untracked 
|  69|0x0000000089300000, 0x0000000089300000, 0x0000000089400000|  0%| F|  |TAMS 0x0000000089300000, 0x0000000089300000| Untracked 
|  70|0x0000000089400000, 0x0000000089400000, 0x0000000089500000|  0%| F|  |TAMS 0x0000000089400000, 0x0000000089400000| Untracked 
|  71|0x0000000089500000, 0x0000000089500000, 0x0000000089600000|  0%| F|  |TAMS 0x0000000089500000, 0x0000000089500000| Untracked 
|  72|0x0000000089600000, 0x0000000089600000, 0x0000000089700000|  0%| F|  |TAMS 0x0000000089600000, 0x0000000089600000| Untracked 
|  73|0x0000000089700000, 0x0000000089700000, 0x0000000089800000|  0%| F|  |TAMS 0x0000000089700000, 0x0000000089700000| Untracked 
|  74|0x0000000089800000, 0x0000000089800000, 0x0000000089900000|  0%| F|  |TAMS 0x0000000089800000, 0x0000000089800000| Untracked 
|  75|0x0000000089900000, 0x0000000089900000, 0x0000000089a00000|  0%| F|  |TAMS 0x0000000089900000, 0x0000000089900000| Untracked 
|  76|0x0000000089a00000, 0x0000000089a00000, 0x0000000089b00000|  0%| F|  |TAMS 0x0000000089a00000, 0x0000000089a00000| Untracked 
|  77|0x0000000089b00000, 0x0000000089b00000, 0x0000000089c00000|  0%| F|  |TAMS 0x0000000089b00000, 0x0000000089b00000| Untracked 
|  78|0x0000000089c00000, 0x0000000089c00000, 0x0000000089d00000|  0%| F|  |TAMS 0x0000000089c00000, 0x0000000089c00000| Untracked 
|  79|0x0000000089d00000, 0x0000000089d00000, 0x0000000089e00000|  0%| F|  |TAMS 0x0000000089d00000, 0x0000000089d00000| Untracked 
|  80|0x0000000089e00000, 0x0000000089e00000, 0x0000000089f00000|  0%| F|  |TAMS 0x0000000089e00000, 0x0000000089e00000| Untracked 
|  81|0x0000000089f00000, 0x0000000089f00000, 0x000000008a000000|  0%| F|  |TAMS 0x0000000089f00000, 0x0000000089f00000| Untracked 
|  82|0x000000008a000000, 0x000000008a000000, 0x000000008a100000|  0%| F|  |TAMS 0x000000008a000000, 0x000000008a000000| Untracked 
|  83|0x000000008a100000, 0x000000008a100000, 0x000000008a200000|  0%| F|  |TAMS 0x000000008a100000, 0x000000008a100000| Untracked 
|  84|0x000000008a200000, 0x000000008a200000, 0x000000008a300000|  0%| F|  |TAMS 0x000000008a200000, 0x000000008a200000| Untracked 
|  85|0x000000008a300000, 0x000000008a300000, 0x000000008a400000|  0%| F|  |TAMS 0x000000008a300000, 0x000000008a300000| Untracked 
|  86|0x000000008a400000, 0x000000008a400000, 0x000000008a500000|  0%| F|  |TAMS 0x000000008a400000, 0x000000008a400000| Untracked 
|  87|0x000000008a500000, 0x000000008a500000, 0x000000008a600000|  0%| F|  |TAMS 0x000000008a500000, 0x000000008a500000| Untracked 
|  88|0x000000008a600000, 0x000000008a600000, 0x000000008a700000|  0%| F|  |TAMS 0x000000008a600000, 0x000000008a600000| Untracked 
|  89|0x000000008a700000, 0x000000008a700000, 0x000000008a800000|  0%| F|  |TAMS 0x000000008a700000, 0x000000008a700000| Untracked 
|  90|0x000000008a800000, 0x000000008a800000, 0x000000008a900000|  0%| F|  |TAMS 0x000000008a800000, 0x000000008a800000| Untracked 
|  91|0x000000008a900000, 0x000000008a900000, 0x000000008aa00000|  0%| F|  |TAMS 0x000000008a900000, 0x000000008a900000| Untracked 
|  92|0x000000008aa00000, 0x000000008aa00000, 0x000000008ab00000|  0%| F|  |TAMS 0x000000008aa00000, 0x000000008aa00000| Untracked 
|  93|0x000000008ab00000, 0x000000008ab00000, 0x000000008ac00000|  0%| F|  |TAMS 0x000000008ab00000, 0x000000008ab00000| Untracked 
|  94|0x000000008ac00000, 0x000000008ad00000, 0x000000008ad00000|100%| E|  |TAMS 0x000000008ac00000, 0x000000008ac00000| Complete 
|  95|0x000000008ad00000, 0x000000008ae00000, 0x000000008ae00000|100%| E|CS|TAMS 0x000000008ad00000, 0x000000008ad00000| Complete 
|  96|0x000000008ae00000, 0x000000008af00000, 0x000000008af00000|100%| E|CS|TAMS 0x000000008ae00000, 0x000000008ae00000| Complete 
|  97|0x000000008af00000, 0x000000008b000000, 0x000000008b000000|100%| E|CS|TAMS 0x000000008af00000, 0x000000008af00000| Complete 
|  98|0x000000008b000000, 0x000000008b100000, 0x000000008b100000|100%| E|CS|TAMS 0x000000008b000000, 0x000000008b000000| Complete 
|  99|0x000000008b100000, 0x000000008b200000, 0x000000008b200000|100%| E|CS|TAMS 0x000000008b100000, 0x000000008b100000| Complete 
| 100|0x000000008b200000, 0x000000008b300000, 0x000000008b300000|100%| E|CS|TAMS 0x000000008b200000, 0x000000008b200000| Complete 
| 101|0x000000008b300000, 0x000000008b400000, 0x000000008b400000|100%| E|CS|TAMS 0x000000008b300000, 0x000000008b300000| Complete 
| 102|0x000000008b400000, 0x000000008b500000, 0x000000008b500000|100%| E|CS|TAMS 0x000000008b400000, 0x000000008b400000| Complete 
| 103|0x000000008b500000, 0x000000008b600000, 0x000000008b600000|100%| E|CS|TAMS 0x000000008b500000, 0x000000008b500000| Complete 
| 104|0x000000008b600000, 0x000000008b700000, 0x000000008b700000|100%| E|CS|TAMS 0x000000008b600000, 0x000000008b600000| Complete 
| 105|0x000000008b700000, 0x000000008b800000, 0x000000008b800000|100%| E|CS|TAMS 0x000000008b700000, 0x000000008b700000| Complete 
| 106|0x000000008b800000, 0x000000008b900000, 0x000000008b900000|100%| E|CS|TAMS 0x000000008b800000, 0x000000008b800000| Complete 
| 107|0x000000008b900000, 0x000000008b9b97d0, 0x000000008ba00000| 72%| S|CS|TAMS 0x000000008b900000, 0x000000008b900000| Complete 
| 108|0x000000008ba00000, 0x000000008bb00000, 0x000000008bb00000|100%| E|CS|TAMS 0x000000008ba00000, 0x000000008ba00000| Complete 
| 109|0x000000008bb00000, 0x000000008bc00000, 0x000000008bc00000|100%| E|CS|TAMS 0x000000008bb00000, 0x000000008bb00000| Complete 
| 110|0x000000008bc00000, 0x000000008bd00000, 0x000000008bd00000|100%| E|CS|TAMS 0x000000008bc00000, 0x000000008bc00000| Complete 
| 111|0x000000008bd00000, 0x000000008be00000, 0x000000008be00000|100%| E|CS|TAMS 0x000000008bd00000, 0x000000008bd00000| Complete 
| 112|0x000000008be00000, 0x000000008bf00000, 0x000000008bf00000|100%| E|CS|TAMS 0x000000008be00000, 0x000000008be00000| Complete 
| 113|0x000000008bf00000, 0x000000008c000000, 0x000000008c000000|100%| E|CS|TAMS 0x000000008bf00000, 0x000000008bf00000| Complete 
| 114|0x000000008c000000, 0x000000008c100000, 0x000000008c100000|100%| E|CS|TAMS 0x000000008c000000, 0x000000008c000000| Complete 
| 115|0x000000008c100000, 0x000000008c200000, 0x000000008c200000|100%| E|CS|TAMS 0x000000008c100000, 0x000000008c100000| Complete 
| 116|0x000000008c200000, 0x000000008c300000, 0x000000008c300000|100%| E|CS|TAMS 0x000000008c200000, 0x000000008c200000| Complete 
| 117|0x000000008c300000, 0x000000008c400000, 0x000000008c400000|100%| E|CS|TAMS 0x000000008c300000, 0x000000008c300000| Complete 
| 118|0x000000008c400000, 0x000000008c500000, 0x000000008c500000|100%| E|CS|TAMS 0x000000008c400000, 0x000000008c400000| Complete 
| 119|0x000000008c500000, 0x000000008c600000, 0x000000008c600000|100%| E|CS|TAMS 0x000000008c500000, 0x000000008c500000| Complete 
| 120|0x000000008c600000, 0x000000008c700000, 0x000000008c700000|100%| E|CS|TAMS 0x000000008c600000, 0x000000008c600000| Complete 
| 121|0x000000008c700000, 0x000000008c800000, 0x000000008c800000|100%| E|CS|TAMS 0x000000008c700000, 0x000000008c700000| Complete 
| 122|0x000000008c800000, 0x000000008c900000, 0x000000008c900000|100%| E|CS|TAMS 0x000000008c800000, 0x000000008c800000| Complete 
| 123|0x000000008c900000, 0x000000008ca00000, 0x000000008ca00000|100%| E|CS|TAMS 0x000000008c900000, 0x000000008c900000| Complete 

Card table byte_map: [0x000002b64a7e0000,0x000002b64abc0000] _byte_map_base: 0x000002b64a3b9000

Marking Bits (Prev, Next): (CMBitMap*) 0x000002b633c2ee10, (CMBitMap*) 0x000002b633c2ee50
 Prev Bits: [0x000002b64afa0000, 0x000002b64ce68000)
 Next Bits: [0x000002b64ce70000, 0x000002b64ed38000)

Polling page: 0x000002b6333d0000

Metaspace:

Usage:
  Non-class:      8.78 MB used.
      Class:      1.23 MB used.
       Both:     10.01 MB used.

Virtual space:
  Non-class space:       16.00 MB reserved,       8.81 MB ( 55%) committed,  2 nodes.
      Class space:        1.00 GB reserved,       1.31 MB ( <1%) committed,  1 nodes.
             Both:        1.02 GB reserved,      10.12 MB ( <1%) committed. 

Chunk freelists:
   Non-Class:  1.50 MB
       Class:  2.70 MB
        Both:  4.20 MB

MaxMetaspaceSize: unlimited
CompressedClassSpaceSize: 1.00 GB
Initial GC threshold: 21.00 MB
Current GC threshold: 21.00 MB
CDS: on
MetaspaceReclaimPolicy: balanced
 - commit_granule_bytes: 65536.
 - commit_granule_words: 8192.
 - virtual_space_node_default_size: 1048576.
 - enlarge_chunks_in_place: 1.
 - new_chunks_are_fully_committed: 0.
 - uncommit_free_chunks: 1.
 - use_allocation_guard: 0.
 - handle_deallocations: 1.


Internal statistics:

num_allocs_failed_limit: 0.
num_arena_births: 44.
num_arena_deaths: 0.
num_vsnodes_births: 3.
num_vsnodes_deaths: 0.
num_space_committed: 162.
num_space_uncommitted: 0.
num_chunks_returned_to_freelist: 0.
num_chunks_taken_from_freelist: 382.
num_chunk_merges: 0.
num_chunk_splits: 280.
num_chunks_enlarged: 225.
num_purges: 0.
num_inconsistent_stats: 0.

CodeHeap 'non-profiled nmethods': size=120000Kb used=702Kb max_used=702Kb free=119297Kb
 bounds [0x000002b642ed0000, 0x000002b643140000, 0x000002b64a400000]
CodeHeap 'profiled nmethods': size=120000Kb used=3655Kb max_used=3655Kb free=116345Kb
 bounds [0x000002b63b9a0000, 0x000002b63bd40000, 0x000002b642ed0000]
CodeHeap 'non-nmethods': size=5760Kb used=1171Kb max_used=1194Kb free=4588Kb
 bounds [0x000002b63b400000, 0x000002b63b670000, 0x000002b63b9a0000]
 total_blobs=2359 nmethods=1908 adapters=363
 compilation: enabled
              stopped_count=0, restarted_count=0
 full_count=0

Compilation events (20 events):
Event: 1.046 Thread 0x000002b6511c7140 1865       3       java.util.HashMap$HashIterator::<init> (79 bytes)
Event: 1.047 Thread 0x000002b6511c7140 nmethod 1865 0x000002b63bd17f10 code [0x000002b63bd180c0, 0x000002b63bd184f8]
Event: 1.047 Thread 0x000002b6511c7140 1867  s    3       java.util.Properties::put (10 bytes)
Event: 1.047 Thread 0x000002b6511c7140 nmethod 1867 0x000002b63bd18690 code [0x000002b63bd18840, 0x000002b63bd18aa8]
Event: 1.047 Thread 0x000002b6511c7140 1868       1       jdk.internal.reflect.NativeConstructorAccessorImpl::setParent (6 bytes)
Event: 1.047 Thread 0x000002b6511c7140 nmethod 1868 0x000002b642f7c990 code [0x000002b642f7cb20, 0x000002b642f7cc38]
Event: 1.047 Thread 0x000002b6511c7140 1869       3       java.lang.invoke.MemberName::isStatic (8 bytes)
Event: 1.047 Thread 0x000002b6511c7140 nmethod 1869 0x000002b63bd18b90 code [0x000002b63bd18d20, 0x000002b63bd18ef8]
Event: 1.047 Thread 0x000002b6511c7140 1870       3       sun.invoke.util.VerifyAccess::isSamePackage (37 bytes)
Event: 1.047 Thread 0x000002b6511c9130 nmethod 1854 0x000002b642f7cf90 code [0x000002b642f7d100, 0x000002b642f7d338]
Event: 1.048 Thread 0x000002b6511c9130 1874       4       jdk.internal.org.objectweb.asm.ByteVector::putShort (52 bytes)
Event: 1.048 Thread 0x000002b6511c7140 nmethod 1870 0x000002b63bd18f90 code [0x000002b63bd192a0, 0x000002b63bd1a718]
Event: 1.048 Thread 0x000002b6511c7140 1872       3       java.lang.invoke.MemberName::isConstructor (8 bytes)
Event: 1.048 Thread 0x000002b6511c7140 nmethod 1872 0x000002b63bd1ad10 code [0x000002b63bd1aec0, 0x000002b63bd1b0f8]
Event: 1.048 Thread 0x000002b6511c7140 1873       3       java.lang.invoke.LambdaForm$Name::initIndex (26 bytes)
Event: 1.048 Thread 0x000002b6511c7140 nmethod 1873 0x000002b63bd1b210 code [0x000002b63bd1b3a0, 0x000002b63bd1b558]
Event: 1.048 Thread 0x000002b6511c7140 1875       3       java.lang.System::getProperty (25 bytes)
Event: 1.049 Thread 0x000002b6511c9130 nmethod 1874 0x000002b642f7d410 code [0x000002b642f7d580, 0x000002b642f7d6b8]
Event: 1.049 Thread 0x000002b6511c7140 nmethod 1875 0x000002b63bd1b610 code [0x000002b63bd1b820, 0x000002b63bd1bf38]
Event: 1.049 Thread 0x000002b6511c7140 1876       3       com.google.common.collect.LinkedHashMultimap::remove (7 bytes)

GC Heap History (4 events):
Event: 0.334 GC heap before
{Heap before GC invocations=0 (full 0):
 garbage-first heap   total 126976K, used 13312K [0x0000000084e00000, 0x0000000100000000)
  region size 1024K, 13 young (13312K), 0 survivors (0K)
 Metaspace       used 3482K, committed 3648K, reserved 1056768K
  class space    used 365K, committed 448K, reserved 1048576K
}
Event: 0.339 GC heap after
{Heap after GC invocations=1 (full 0):
 garbage-first heap   total 126976K, used 3088K [0x0000000084e00000, 0x0000000100000000)
  region size 1024K, 2 young (2048K), 2 survivors (2048K)
 Metaspace       used 3482K, committed 3648K, reserved 1056768K
  class space    used 365K, committed 448K, reserved 1048576K
}
Event: 0.535 GC heap before
{Heap before GC invocations=1 (full 0):
 garbage-first heap   total 126976K, used 17424K [0x0000000084e00000, 0x0000000100000000)
  region size 1024K, 16 young (16384K), 2 survivors (2048K)
 Metaspace       used 5150K, committed 5376K, reserved 1056768K
  class space    used 607K, committed 704K, reserved 1048576K
}
Event: 0.539 GC heap after
{Heap after GC invocations=2 (full 0):
 garbage-first heap   total 126976K, used 3912K [0x0000000084e00000, 0x0000000100000000)
  region size 1024K, 1 young (1024K), 1 survivors (1024K)
 Metaspace       used 5150K, committed 5376K, reserved 1056768K
  class space    used 607K, committed 704K, reserved 1048576K
}

Deoptimization events (20 events):
Event: 0.550 Thread 0x000002b633bf36c0 Uncommon trap: trap_request=0xffffffde fr.pc=0x000002b642f32db4 relative=0x0000000000000114
Event: 0.550 Thread 0x000002b633bf36c0 Uncommon trap: reason=class_check action=maybe_recompile pc=0x000002b642f32db4 method=jdk.internal.misc.Unsafe.allocateUninitializedArray(Ljava/lang/Class;I)Ljava/lang/Object; @ 51 c2
Event: 0.550 Thread 0x000002b633bf36c0 DEOPT PACKING pc=0x000002b642f32db4 sp=0x000000c0157fd200
Event: 0.550 Thread 0x000002b633bf36c0 DEOPT UNPACKING pc=0x000002b63b455c23 sp=0x000000c0157fd188 mode 2
Event: 0.593 Thread 0x000002b633bf36c0 Uncommon trap: trap_request=0xffffff45 fr.pc=0x000002b642f34830 relative=0x0000000000000310
Event: 0.593 Thread 0x000002b633bf36c0 Uncommon trap: reason=unstable_if action=reinterpret pc=0x000002b642f34830 method=java.lang.String.<init>([CIILjava/lang/Void;)V @ 5 c2
Event: 0.593 Thread 0x000002b633bf36c0 DEOPT PACKING pc=0x000002b642f34830 sp=0x000000c0157fd8c0
Event: 0.593 Thread 0x000002b633bf36c0 DEOPT UNPACKING pc=0x000002b63b455c23 sp=0x000000c0157fd880 mode 2
Event: 0.615 Thread 0x000002b633bf36c0 Uncommon trap: trap_request=0xffffff45 fr.pc=0x000002b642f3f4ac relative=0x000000000000048c
Event: 0.615 Thread 0x000002b633bf36c0 Uncommon trap: reason=unstable_if action=reinterpret pc=0x000002b642f3f4ac method=java.lang.String.<init>([CIILjava/lang/Void;)V @ 5 c2
Event: 0.615 Thread 0x000002b633bf36c0 DEOPT PACKING pc=0x000002b642f3f4ac sp=0x000000c0157fd9a0
Event: 0.615 Thread 0x000002b633bf36c0 DEOPT UNPACKING pc=0x000002b63b455c23 sp=0x000000c0157fd838 mode 2
Event: 1.036 Thread 0x000002b633bf36c0 Uncommon trap: trap_request=0xffffff45 fr.pc=0x000002b642f5da54 relative=0x00000000000001b4
Event: 1.036 Thread 0x000002b633bf36c0 Uncommon trap: reason=unstable_if action=reinterpret pc=0x000002b642f5da54 method=java.lang.String.startsWith(Ljava/lang/String;I)Z @ 1 c2
Event: 1.036 Thread 0x000002b633bf36c0 DEOPT PACKING pc=0x000002b642f5da54 sp=0x000000c0157f6fe0
Event: 1.036 Thread 0x000002b633bf36c0 DEOPT UNPACKING pc=0x000002b63b455c23 sp=0x000000c0157f6ef0 mode 2
Event: 1.036 Thread 0x000002b633bf36c0 Uncommon trap: trap_request=0xffffff45 fr.pc=0x000002b642eebd70 relative=0x00000000000001d0
Event: 1.036 Thread 0x000002b633bf36c0 Uncommon trap: reason=unstable_if action=reinterpret pc=0x000002b642eebd70 method=java.lang.String.startsWith(Ljava/lang/String;I)Z @ 1 c2
Event: 1.036 Thread 0x000002b633bf36c0 DEOPT PACKING pc=0x000002b642eebd70 sp=0x000000c0157f6f70
Event: 1.036 Thread 0x000002b633bf36c0 DEOPT UNPACKING pc=0x000002b63b455c23 sp=0x000000c0157f6ef0 mode 2

Classes unloaded (0 events):
No events

Classes redefined (0 events):
No events

Internal exceptions (4 events):
Event: 0.375 Thread 0x000002b633bf36c0 Exception <a 'java/lang/NoSuchMethodError'{0x000000008c8b6c78}: 'java.lang.Object java.lang.invoke.DirectMethodHandle$Holder.newInvokeSpecial(java.lang.Object, java.lang.Object, java.lang.Object, java.lang.Object, java.lang.Object)'> (0x000000008c8b6c78) 
thrown [t:\workspace\open\src\hotspot\share\interpreter\linkResolver.cpp, line 766]
Event: 0.981 Thread 0x000002b633bf36c0 Exception <a 'java/lang/NoClassDefFoundError'{0x000000008ae0e868}: com/google/inject/servlet/ServletModuleTargetVisitor> (0x000000008ae0e868) 
thrown [t:\workspace\open\src\hotspot\share\classfile\systemDictionary.cpp, line 245]
Event: 0.982 Thread 0x000002b633bf36c0 Exception <a 'java/lang/NoClassDefFoundError'{0x000000008ae10778}: javax/annotation/Priority> (0x000000008ae10778) 
thrown [t:\workspace\open\src\hotspot\share\classfile\systemDictionary.cpp, line 245]
Event: 1.048 Thread 0x000002b633bf36c0 Exception <a 'java/lang/NoSuchMethodError'{0x000000008ac6f5f0}: 'java.lang.Object java.lang.invoke.DirectMethodHandle$Holder.invokeStaticInit(java.lang.Object, int, int, int, int)'> (0x000000008ac6f5f0) 
thrown [t:\workspace\open\src\hotspot\share\interpreter\linkResolver.cpp, line 766]

VM Operations (20 events):
Event: 0.334 Executing VM operation: G1CollectForAllocation
Event: 0.339 Executing VM operation: G1CollectForAllocation done
Event: 0.535 Executing VM operation: G1CollectForAllocation
Event: 0.539 Executing VM operation: G1CollectForAllocation done
Event: 0.669 Executing VM operation: HandshakeAllThreads
Event: 0.669 Executing VM operation: HandshakeAllThreads done
Event: 0.675 Executing VM operation: HandshakeAllThreads
Event: 0.675 Executing VM operation: HandshakeAllThreads done
Event: 0.694 Executing VM operation: HandshakeAllThreads
Event: 0.694 Executing VM operation: HandshakeAllThreads done
Event: 0.908 Executing VM operation: HandshakeAllThreads
Event: 0.908 Executing VM operation: HandshakeAllThreads done
Event: 0.909 Executing VM operation: HandshakeAllThreads
Event: 0.909 Executing VM operation: HandshakeAllThreads done
Event: 0.951 Executing VM operation: ICBufferFull
Event: 0.951 Executing VM operation: ICBufferFull done
Event: 0.966 Executing VM operation: HandshakeAllThreads
Event: 0.966 Executing VM operation: HandshakeAllThreads done
Event: 1.035 Executing VM operation: HandshakeAllThreads
Event: 1.035 Executing VM operation: HandshakeAllThreads done

Events (20 events):
Event: 1.045 loading class sun/security/provider/DRBG
Event: 1.045 loading class java/security/SecureRandomSpi
Event: 1.045 loading class java/security/SecureRandomSpi done
Event: 1.045 loading class sun/security/provider/DRBG done
Event: 1.046 loading class java/security/DrbgParameters$Capability
Event: 1.046 loading class java/security/DrbgParameters$Capability done
Event: 1.046 loading class sun/security/provider/MoreDrbgParameters
Event: 1.046 loading class sun/security/provider/MoreDrbgParameters done
Event: 1.046 loading class java/security/DrbgParameters
Event: 1.046 loading class java/security/DrbgParameters done
Event: 1.046 loading class java/security/DrbgParameters$Instantiation
Event: 1.046 loading class java/security/DrbgParameters$Instantiation done
Event: 1.046 loading class sun/security/provider/HashDrbg
Event: 1.046 loading class sun/security/provider/AbstractHashDrbg
Event: 1.047 loading class sun/security/provider/AbstractDrbg
Event: 1.047 loading class sun/security/provider/AbstractDrbg done
Event: 1.047 loading class sun/security/provider/AbstractHashDrbg done
Event: 1.047 loading class sun/security/provider/HashDrbg done
Event: 1.047 loading class sun/security/provider/EntropySource
Event: 1.047 loading class sun/security/provider/EntropySource done


Dynamic libraries:
0x00007ff7281c0000 - 0x00007ff7281d0000 	C:\Program Files\Java\jdk-17.0.1\bin\java.exe
0x00007ffe2ca80000 - 0x00007ffe2cc87000 	C:\WINDOWS\SYSTEM32\ntdll.dll
0x00007ffe2abc0000 - 0x00007ffe2ac7d000 	C:\WINDOWS\System32\KERNEL32.DLL
0x00007ffe2a0d0000 - 0x00007ffe2a444000 	C:\WINDOWS\System32\KERNELBASE.dll
0x00007ffe2a450000 - 0x00007ffe2a561000 	C:\WINDOWS\System32\ucrtbase.dll
0x00007ffe0d8a0000 - 0x00007ffe0d8ba000 	C:\Program Files\Java\jdk-17.0.1\bin\VCRUNTIME140.dll
0x00007ffe071f0000 - 0x00007ffe07208000 	C:\Program Files\Java\jdk-17.0.1\bin\jli.dll
0x00007ffe2c1e0000 - 0x00007ffe2c28e000 	C:\WINDOWS\System32\ADVAPI32.dll
0x00007ffe2c450000 - 0x00007ffe2c4f3000 	C:\WINDOWS\System32\msvcrt.dll
0x00007ffe2c7e0000 - 0x00007ffe2c87e000 	C:\WINDOWS\System32\sechost.dll
0x00007ffe2ba50000 - 0x00007ffe2bb70000 	C:\WINDOWS\System32\RPCRT4.dll
0x00007ffe2c560000 - 0x00007ffe2c70c000 	C:\WINDOWS\System32\USER32.dll
0x00007ffe2a8f0000 - 0x00007ffe2a916000 	C:\WINDOWS\System32\win32u.dll
0x00007ffe2ab90000 - 0x00007ffe2abb9000 	C:\WINDOWS\System32\GDI32.dll
0x00007ffe0e000000 - 0x00007ffe0e2a5000 	C:\WINDOWS\WinSxS\amd64_microsoft.windows.common-controls_6595b64144ccf1df_6.0.22000.120_none_9d947278b86cc467\COMCTL32.dll
0x00007ffe2a5f0000 - 0x00007ffe2a702000 	C:\WINDOWS\System32\gdi32full.dll
0x00007ffe29f70000 - 0x00007ffe2a00d000 	C:\WINDOWS\System32\msvcp_win.dll
0x00007ffe1d640000 - 0x00007ffe1d64a000 	C:\WINDOWS\SYSTEM32\VERSION.dll
0x00007ffe2c520000 - 0x00007ffe2c551000 	C:\WINDOWS\System32\IMM32.DLL
0x00007ffe14b90000 - 0x00007ffe14b9c000 	C:\Program Files\Java\jdk-17.0.1\bin\vcruntime140_1.dll
0x00007ffe05c40000 - 0x00007ffe05ccd000 	C:\Program Files\Java\jdk-17.0.1\bin\msvcp140.dll
0x00007ffdb3e90000 - 0x00007ffdb4a4e000 	C:\Program Files\Java\jdk-17.0.1\bin\server\jvm.dll
0x00007ffe2ca20000 - 0x00007ffe2ca28000 	C:\WINDOWS\System32\PSAPI.DLL
0x00007ffe1f1d0000 - 0x00007ffe1f203000 	C:\WINDOWS\SYSTEM32\WINMM.dll
0x00007ffe1fea0000 - 0x00007ffe1fea9000 	C:\WINDOWS\SYSTEM32\WSOCK32.dll
0x00007ffe2c160000 - 0x00007ffe2c1cf000 	C:\WINDOWS\System32\ws2_32.DLL
0x00007ffe29070000 - 0x00007ffe29088000 	C:\WINDOWS\SYSTEM32\kernel.appcore.dll
0x00007ffe0d900000 - 0x00007ffe0d90a000 	C:\Program Files\Java\jdk-17.0.1\bin\jimage.dll
0x00007ffe24a80000 - 0x00007ffe24ca1000 	C:\WINDOWS\SYSTEM32\DBGHELP.DLL
0x00007ffe0aae0000 - 0x00007ffe0ab11000 	C:\WINDOWS\SYSTEM32\dbgcore.DLL
0x00007ffe2a570000 - 0x00007ffe2a5ef000 	C:\WINDOWS\System32\bcryptPrimitives.dll
0x00007ffe0d520000 - 0x00007ffe0d545000 	C:\Program Files\Java\jdk-17.0.1\bin\java.dll
0x00007ffdf0c00000 - 0x00007ffdf0cd6000 	C:\Program Files\Java\jdk-17.0.1\bin\svml.dll
0x00007ffe2ace0000 - 0x00007ffe2b48e000 	C:\WINDOWS\System32\SHELL32.dll
0x00007ffe280e0000 - 0x00007ffe28947000 	C:\WINDOWS\SYSTEM32\windows.storage.dll
0x00007ffe2b490000 - 0x00007ffe2b808000 	C:\WINDOWS\System32\combase.dll
0x00007ffe27f70000 - 0x00007ffe280d6000 	C:\WINDOWS\SYSTEM32\wintypes.dll
0x00007ffe2c070000 - 0x00007ffe2c15a000 	C:\WINDOWS\System32\SHCORE.dll
0x00007ffe2ac80000 - 0x00007ffe2acdd000 	C:\WINDOWS\System32\shlwapi.dll
0x00007ffe29ea0000 - 0x00007ffe29ec1000 	C:\WINDOWS\SYSTEM32\profapi.dll
0x00007ffe070b0000 - 0x00007ffe070c9000 	C:\Program Files\Java\jdk-17.0.1\bin\net.dll
0x00007ffe1f420000 - 0x00007ffe1f52c000 	C:\WINDOWS\SYSTEM32\WINHTTP.dll
0x00007ffe29510000 - 0x00007ffe29577000 	C:\WINDOWS\system32\mswsock.dll
0x00007ffe069b0000 - 0x00007ffe069c5000 	C:\Program Files\Java\jdk-17.0.1\bin\nio.dll
0x00007ffe06990000 - 0x00007ffe069a8000 	C:\Program Files\Java\jdk-17.0.1\bin\zip.dll
0x00007ffe0d890000 - 0x00007ffe0d8a0000 	C:\Program Files\Java\jdk-17.0.1\bin\verify.dll
0x00007ffe14b50000 - 0x00007ffe14b5a000 	C:\Program Files\NetBeans-12.6\netbeans\java\maven\lib\jansi-native\windows64\jansi.dll

dbghelp: loaded successfully - version: 4.0.5 - missing functions: none
symbol engine: initialized successfully - sym options: 0x614 - pdb path: .;C:\Program Files\Java\jdk-17.0.1\bin;C:\WINDOWS\SYSTEM32;C:\WINDOWS\WinSxS\amd64_microsoft.windows.common-controls_6595b64144ccf1df_6.0.22000.120_none_9d947278b86cc467;C:\Program Files\Java\jdk-17.0.1\bin\server;C:\Program Files\NetBeans-12.6\netbeans\java\maven\lib\jansi-native\windows64

VM Arguments:
jvm_args: -Dclassworlds.conf=C:\Program Files\NetBeans-12.6\netbeans\java\maven\bin\..\bin\m2.conf -Dmaven.home=C:\Program Files\NetBeans-12.6\netbeans\java\maven\bin\.. -Dlibrary.jansi.path=C:\Program Files\NetBeans-12.6\netbeans\java\maven\bin\..\lib\jansi-native -Dmaven.multiModuleProjectDirectory=C:\Users\Hp\Documents\NetBeansProjects\BADRS 
java_command: org.codehaus.plexus.classworlds.launcher.Launcher -Dexec.vmArgs= -Dexec.args=${exec.vmArgs} -classpath %classpath ${exec.mainClass} ${exec.appArgs} -Dexec.executable=C:\Program Files\Java\jdk-17.0.1\bin\java.exe -Dexec.mainClass=auk.edu.ng.badrs.Login -Dexec.classpathScope=runtime -Dexec.appArgs= -Dmaven.ext.class.path=C:\Program Files\NetBeans-12.6\netbeans\java\maven-nblib\netbeans-eventspy.jar -Dfile.encoding=UTF-8 org.codehaus.mojo:exec-maven-plugin:3.0.0:exec
java_class_path (initial): C:\Program Files\NetBeans-12.6\netbeans\java\maven\bin\..\boot\plexus-classworlds-2.6.0.jar
Launcher Type: SUN_STANDARD

[Global flags]
     intx CICompilerCount                          = 3                                         {product} {ergonomic}
     uint ConcGCThreads                            = 1                                         {product} {ergonomic}
     uint G1ConcRefinementThreads                  = 4                                         {product} {ergonomic}
   size_t G1HeapRegionSize                         = 1048576                                   {product} {ergonomic}
    uintx GCDrainStackTargetSize                   = 64                                        {product} {ergonomic}
   size_t InitialHeapSize                          = 130023424                                 {product} {ergonomic}
   size_t MarkStackSize                            = 4194304                                   {product} {ergonomic}
   size_t MaxHeapSize                              = 2065694720                                {product} {ergonomic}
   size_t MaxNewSize                               = 1239416832                                {product} {ergonomic}
   size_t MinHeapDeltaBytes                        = 1048576                                   {product} {ergonomic}
   size_t MinHeapSize                              = 8388608                                   {product} {ergonomic}
    uintx NonNMethodCodeHeapSize                   = 5832780                                {pd product} {ergonomic}
    uintx NonProfiledCodeHeapSize                  = 122912730                              {pd product} {ergonomic}
    uintx ProfiledCodeHeapSize                     = 122912730                              {pd product} {ergonomic}
    uintx ReservedCodeCacheSize                    = 251658240                              {pd product} {ergonomic}
     bool SegmentedCodeCache                       = true                                      {product} {ergonomic}
   size_t SoftMaxHeapSize                          = 2065694720                             {manageable} {ergonomic}
     bool UseCompressedClassPointers               = true                           {product lp64_product} {ergonomic}
     bool UseCompressedOops                        = true                           {product lp64_product} {ergonomic}
     bool UseG1GC                                  = true                                      {product} {ergonomic}
     bool UseLargePagesIndividualAllocation        = false                                  {pd product} {ergonomic}

Logging:
Log output configuration:
 #0: stdout all=warning uptime,level,tags
 #1: stderr all=off uptime,level,tags

Environment Variables:
JAVA_HOME=C:\Program Files\Java\jdk-17.0.1
PATH=C:\Program Files\Common Files\Oracle\Java\javapath;C:\WINDOWS\system32;C:\WINDOWS;C:\WINDOWS\System32\Wbem;C:\WINDOWS\System32\WindowsPowerShell\v1.0\;C:\WINDOWS\System32\OpenSSH\;C:\Program Files\nodejs\;C:\Program Files\Git\cmd;C:\Users\Hp\AppData\Roaming\npm;C:\Users\Hp\AppData\Local\Programs\Python\Python310\Scripts\;C:\Users\Hp\AppData\Local\Programs\Python\Python310\;C:\Users\Hp\AppData\Local\Microsoft\WindowsApps;C:\Users\Hp\AppData\Local\Programs\Microsoft VS Code\bin;
USERNAME=Hp
OS=Windows_NT
PROCESSOR_IDENTIFIER=Intel64 Family 6 Model 126 Stepping 5, GenuineIntel



---------------  S Y S T E M  ---------------

OS:
 Windows 10 , 64 bit Build 22000 (10.0.22000.434)
OS uptime: 0 days 23:22 hours

CPU: total 4 (initial active 4) (2 cores per cpu, 2 threads per core) family 6 model 126 stepping 5 microcode 0xa0, cx8, cmov, fxsr, ht, mmx, 3dnowpref, sse, sse2, sse3, ssse3, sse4.1, sse4.2, popcnt, lzcnt, tsc, tscinvbit, avx, avx2, aes, erms, clmul, bmi1, bmi2, adx, avx512f, avx512dq, avx512cd, avx512bw, avx512vl, sha, fma, vzeroupper, avx512_vpopcntdq, avx512_vpclmulqdq, avx512_vaes, avx512_vnni, clflush, clflushopt, avx512_vbmi2, avx512_vbmi

Memory: 4k page, system-wide physical 7877M (818M free)
TotalPageFile size 10613M (AvailPageFile size 4M)
current process WorkingSet (physical memory assigned to process): 95M, peak: 95M
current process commit charge ("private bytes"): 224M, peak: 224M

vm_info: Java HotSpot(TM) 64-Bit Server VM (17.0.1+12-LTS-39) for windows-amd64 JRE (17.0.1+12-LTS-39), built on Sep 27 2021 18:41:35 by "mach5one" with MS VC++ 16.8 (VS2019)

END.
