#
# There is insufficient memory for the Java Runtime Environment to continue.
# Native memory allocation (mmap) failed to map 130023424 bytes for G1 virtual space
# Possible reasons:
#   The system is out of physical RAM or swap space
#   The process is running with CompressedOops enabled, and the Java Heap may be blocking the growth of the native heap
# Possible solutions:
#   Reduce memory load on the system
#   Increase physical memory or swap space
#   Check if swap backing store is full
#   Decrease Java heap size (-Xmx/-Xms)
#   Decrease number of Java threads
#   Decrease Java thread stack sizes (-Xss)
#   Set larger code cache with -XX:ReservedCodeCacheSize=
#   JVM is running with Unscaled Compressed Oops mode in which the Java heap is
#     placed in the first 4GB address space. The Java Heap base address is the
#     maximum limit for the native heap growth. Please use -XX:HeapBaseMinAddress
#     to set the Java Heap base and to place the Java Heap above 4GB virtual address.
# This output file may be truncated or incomplete.
#
#  Out of Memory Error (os_windows.cpp:3469), pid=13520, tid=8900
#
# JRE version:  (17.0.1+12) (build )
# Java VM: Java HotSpot(TM) 64-Bit Server VM (17.0.1+12-LTS-39, mixed mode, sharing, tiered, compressed oops, compressed class ptrs, g1 gc, windows-amd64)
# No core dump will be written. Minidumps are not enabled by default on client versions of Windows
#

---------------  S U M M A R Y ------------

Command Line: -Dclassworlds.conf=C:\Program Files\NetBeans-12.6\netbeans\java\maven\bin\..\bin\m2.conf -Dmaven.home=C:\Program Files\NetBeans-12.6\netbeans\java\maven\bin\.. -Dlibrary.jansi.path=C:\Program Files\NetBeans-12.6\netbeans\java\maven\bin\..\lib\jansi-native -Dmaven.multiModuleProjectDirectory=C:\Users\Hp\Documents\NetBeansProjects\BADRS org.codehaus.plexus.classworlds.launcher.Launcher -Dexec.vmArgs= -Dexec.args=${exec.vmArgs} -classpath %classpath ${exec.mainClass} ${exec.appArgs} -Dexec.executable=C:\Program Files\Java\jdk-17.0.1\bin\java.exe -Dexec.mainClass=auk.edu.ng.badrs.DeathForm -Dexec.classpathScope=runtime -Dexec.appArgs= -Dmaven.ext.class.path=C:\Program Files\NetBeans-12.6\netbeans\java\maven-nblib\netbeans-eventspy.jar -Dfile.encoding=UTF-8 org.codehaus.mojo:exec-maven-plugin:3.0.0:exec

Host: Intel(R) Core(TM) i3-1005G1 CPU @ 1.20GHz, 4 cores, 7G,  Windows 10 , 64 bit Build 22000 (10.0.22000.434)
Time: Mon Jan 24 14:45:35 2022 W. Central Africa Standard Time elapsed time: 0.008783 seconds (0d 0h 0m 0s)

---------------  T H R E A D  ---------------

Current thread (0x0000020d8dc02ca0):  JavaThread "Unknown thread" [_thread_in_vm, id=8900, stack(0x000000a992e00000,0x000000a992f00000)]

Stack: [0x000000a992e00000,0x000000a992f00000]
Native frames: (J=compiled Java code, j=interpreted, Vv=VM code, C=native code)
V  [jvm.dll+0x66fa1a]
V  [jvm.dll+0x7ce5a4]
V  [jvm.dll+0x7cfd4e]
V  [jvm.dll+0x7d03b3]
V  [jvm.dll+0x242b05]
V  [jvm.dll+0x66ca39]
V  [jvm.dll+0x661502]
V  [jvm.dll+0x30081b]
V  [jvm.dll+0x307da6]
V  [jvm.dll+0x357a1e]
V  [jvm.dll+0x357c4f]
V  [jvm.dll+0x2d7ad8]
V  [jvm.dll+0x2d8a44]
V  [jvm.dll+0x7a01e1]
V  [jvm.dll+0x365791]
V  [jvm.dll+0x77f6cc]
V  [jvm.dll+0x3e812f]
V  [jvm.dll+0x3e9bd1]
C  [jli.dll+0x527b]
C  [ucrtbase.dll+0x26c0c]
C  [KERNEL32.DLL+0x154e0]
C  [ntdll.dll+0x485b]


---------------  P R O C E S S  ---------------

Threads class SMR info:
_java_thread_list=0x00007ffb20287818, length=0, elements={
}

Java Threads: ( => current thread )

Other Threads:
  0x0000020d8dc3fc30 GCTaskThread "GC Thread#0" [stack: 0x000000a992f00000,0x000000a993000000] [id=9040]
  0x0000020d8dc510d0 ConcurrentGCThread "G1 Main Marker" [stack: 0x000000a993000000,0x000000a993100000] [id=6068]
  0x0000020d8dc531a0 ConcurrentGCThread "G1 Conc#0" [stack: 0x000000a993100000,0x000000a993200000] [id=11356]

[error occurred during error reporting (printing all threads), id 0xc0000005, EXCEPTION_ACCESS_VIOLATION (0xc0000005) at pc=0x00007ffb1fad84b7]

VM state: not at safepoint (not fully initialized)

VM Mutex/Monitor currently owned by a thread:  ([mutex/lock_event])
[0x0000020d8dbfdc70] Heap_lock - owner thread: 0x0000020d8dc02ca0

Heap address: 0x0000000084e00000, size: 1970 MB, Compressed Oops mode: 32-bit

CDS archive(s) mapped at: [0x0000000000000000-0x0000000000000000-0x0000000000000000), size 0, SharedBaseAddress: 0x0000000800000000, ArchiveRelocationMode: 0.
Narrow klass base: 0x0000000000000000, Narrow klass shift: 0, Narrow klass range: 0x0

GC Precious Log:
<Empty>

Heap:
 garbage-first heap   total 0K, used 0K [0x0000000084e00000, 0x0000000100000000)
  region size 1024K, 0 young (0K), 0 survivors (0K)

[error occurred during error reporting (printing heap information), id 0xc0000005, EXCEPTION_ACCESS_VIOLATION (0xc0000005) at pc=0x00007ffb1feb8d89]

GC Heap History (0 events):
No events

Deoptimization events (0 events):
No events

Classes unloaded (0 events):
No events

Classes redefined (0 events):
No events

Internal exceptions (0 events):
No events

VM Operations (0 events):
No events

Events (1 events):
Event: 0.006 Loaded shared library C:\Program Files\Java\jdk-17.0.1\bin\java.dll


Dynamic libraries:
0x00007ff755b60000 - 0x00007ff755b70000 	C:\Program Files\Java\jdk-17.0.1\bin\java.exe
0x00007ffb6fbc0000 - 0x00007ffb6fdc7000 	C:\WINDOWS\SYSTEM32\ntdll.dll
0x00007ffb6da60000 - 0x00007ffb6db1d000 	C:\WINDOWS\System32\KERNEL32.DLL
0x00007ffb6d0b0000 - 0x00007ffb6d424000 	C:\WINDOWS\System32\KERNELBASE.dll
0x00007ffb6d640000 - 0x00007ffb6d751000 	C:\WINDOWS\System32\ucrtbase.dll
0x00007ffb62d50000 - 0x00007ffb62d6a000 	C:\Program Files\Java\jdk-17.0.1\bin\VCRUNTIME140.dll
0x00007ffb56460000 - 0x00007ffb56478000 	C:\Program Files\Java\jdk-17.0.1\bin\jli.dll
0x00007ffb6dcc0000 - 0x00007ffb6dd6e000 	C:\WINDOWS\System32\ADVAPI32.dll
0x00007ffb6f380000 - 0x00007ffb6f423000 	C:\WINDOWS\System32\msvcrt.dll
0x00007ffb6f550000 - 0x00007ffb6f5ee000 	C:\WINDOWS\System32\sechost.dll
0x00007ffb6f5f0000 - 0x00007ffb6f710000 	C:\WINDOWS\System32\RPCRT4.dll
0x00007ffb6dd70000 - 0x00007ffb6df1c000 	C:\WINDOWS\System32\USER32.dll
0x00007ffb6d760000 - 0x00007ffb6d786000 	C:\WINDOWS\System32\win32u.dll
0x00007ffb6e660000 - 0x00007ffb6e689000 	C:\WINDOWS\System32\GDI32.dll
0x00007ffb6d520000 - 0x00007ffb6d632000 	C:\WINDOWS\System32\gdi32full.dll
0x00007ffb6c2c0000 - 0x00007ffb6c565000 	C:\WINDOWS\WinSxS\amd64_microsoft.windows.common-controls_6595b64144ccf1df_6.0.22000.120_none_9d947278b86cc467\COMCTL32.dll
0x00007ffb6d790000 - 0x00007ffb6d82d000 	C:\WINDOWS\System32\msvcp_win.dll
0x00007ffb5cf40000 - 0x00007ffb5cf4a000 	C:\WINDOWS\SYSTEM32\VERSION.dll
0x00007ffb6e690000 - 0x00007ffb6e6c1000 	C:\WINDOWS\System32\IMM32.DLL
0x00007ffb65460000 - 0x00007ffb6546c000 	C:\Program Files\Java\jdk-17.0.1\bin\vcruntime140_1.dll
0x00007ffb48e60000 - 0x00007ffb48eed000 	C:\Program Files\Java\jdk-17.0.1\bin\msvcp140.dll
0x00007ffb1f7f0000 - 0x00007ffb203ae000 	C:\Program Files\Java\jdk-17.0.1\bin\server\jvm.dll
0x00007ffb6e6f0000 - 0x00007ffb6e6f8000 	C:\WINDOWS\System32\PSAPI.DLL
0x00007ffb654c0000 - 0x00007ffb654c9000 	C:\WINDOWS\SYSTEM32\WSOCK32.dll
0x00007ffb5dac0000 - 0x00007ffb5daf3000 	C:\WINDOWS\SYSTEM32\WINMM.dll
0x00007ffb6f790000 - 0x00007ffb6f7ff000 	C:\WINDOWS\System32\WS2_32.dll
0x00007ffb6c0d0000 - 0x00007ffb6c0e8000 	C:\WINDOWS\SYSTEM32\kernel.appcore.dll
0x00007ffb5dcc0000 - 0x00007ffb5dcca000 	C:\Program Files\Java\jdk-17.0.1\bin\jimage.dll
0x00007ffb6c980000 - 0x00007ffb6cba1000 	C:\WINDOWS\SYSTEM32\DBGHELP.DLL
0x00007ffb6c8a0000 - 0x00007ffb6c8d1000 	C:\WINDOWS\SYSTEM32\dbgcore.DLL
0x00007ffb6d4a0000 - 0x00007ffb6d51f000 	C:\WINDOWS\System32\bcryptPrimitives.dll
0x00007ffb5df50000 - 0x00007ffb5df75000 	C:\Program Files\Java\jdk-17.0.1\bin\java.dll

dbghelp: loaded successfully - version: 4.0.5 - missing functions: none
symbol engine: initialized successfully - sym options: 0x614 - pdb path: .;C:\Program Files\Java\jdk-17.0.1\bin;C:\WINDOWS\SYSTEM32;C:\WINDOWS\WinSxS\amd64_microsoft.windows.common-controls_6595b64144ccf1df_6.0.22000.120_none_9d947278b86cc467;C:\Program Files\Java\jdk-17.0.1\bin\server

VM Arguments:
jvm_args: -Dclassworlds.conf=C:\Program Files\NetBeans-12.6\netbeans\java\maven\bin\..\bin\m2.conf -Dmaven.home=C:\Program Files\NetBeans-12.6\netbeans\java\maven\bin\.. -Dlibrary.jansi.path=C:\Program Files\NetBeans-12.6\netbeans\java\maven\bin\..\lib\jansi-native -Dmaven.multiModuleProjectDirectory=C:\Users\Hp\Documents\NetBeansProjects\BADRS 
java_command: org.codehaus.plexus.classworlds.launcher.Launcher -Dexec.vmArgs= -Dexec.args=${exec.vmArgs} -classpath %classpath ${exec.mainClass} ${exec.appArgs} -Dexec.executable=C:\Program Files\Java\jdk-17.0.1\bin\java.exe -Dexec.mainClass=auk.edu.ng.badrs.DeathForm -Dexec.classpathScope=runtime -Dexec.appArgs= -Dmaven.ext.class.path=C:\Program Files\NetBeans-12.6\netbeans\java\maven-nblib\netbeans-eventspy.jar -Dfile.encoding=UTF-8 org.codehaus.mojo:exec-maven-plugin:3.0.0:exec
java_class_path (initial): C:\Program Files\NetBeans-12.6\netbeans\java\maven\bin\..\boot\plexus-classworlds-2.6.0.jar
Launcher Type: SUN_STANDARD

[Global flags]
     intx CICompilerCount                          = 3                                         {product} {ergonomic}
     uint ConcGCThreads                            = 1                                         {product} {ergonomic}
     uint G1ConcRefinementThreads                  = 4                                         {product} {ergonomic}
   size_t G1HeapRegionSize                         = 1048576                                   {product} {ergonomic}
    uintx GCDrainStackTargetSize                   = 64                                        {product} {ergonomic}
   size_t InitialHeapSize                          = 130023424                                 {product} {ergonomic}
   size_t MarkStackSize                            = 4194304                                   {product} {ergonomic}
   size_t MaxHeapSize                              = 2065694720                                {product} {ergonomic}
   size_t MinHeapDeltaBytes                        = 1048576                                   {product} {ergonomic}
   size_t MinHeapSize                              = 8388608                                   {product} {ergonomic}
    uintx NonNMethodCodeHeapSize                   = 5832780                                {pd product} {ergonomic}
    uintx NonProfiledCodeHeapSize                  = 122912730                              {pd product} {ergonomic}
    uintx ProfiledCodeHeapSize                     = 122912730                              {pd product} {ergonomic}
    uintx ReservedCodeCacheSize                    = 251658240                              {pd product} {ergonomic}
     bool SegmentedCodeCache                       = true                                      {product} {ergonomic}
   size_t SoftMaxHeapSize                          = 2065694720                             {manageable} {ergonomic}
     bool UseCompressedClassPointers               = true                           {product lp64_product} {ergonomic}
     bool UseCompressedOops                        = true                           {product lp64_product} {ergonomic}
     bool UseG1GC                                  = true                                      {product} {ergonomic}
     bool UseLargePagesIndividualAllocation        = false                                  {pd product} {ergonomic}

Logging:
Log output configuration:
 #0: stdout all=warning uptime,level,tags
 #1: stderr all=off uptime,level,tags

Environment Variables:
JAVA_HOME=C:\Program Files\Java\jdk-17.0.1
PATH=C:\Program Files\Common Files\Oracle\Java\javapath;C:\WINDOWS\system32;C:\WINDOWS;C:\WINDOWS\System32\Wbem;C:\WINDOWS\System32\WindowsPowerShell\v1.0\;C:\WINDOWS\System32\OpenSSH\;C:\Program Files\nodejs\;C:\Program Files\Git\cmd;C:\Users\Hp\AppData\Roaming\npm;C:\Users\Hp\AppData\Local\Programs\Python\Python310\Scripts\;C:\Users\Hp\AppData\Local\Programs\Python\Python310\;C:\Users\Hp\AppData\Local\Microsoft\WindowsApps;C:\Users\Hp\AppData\Local\Programs\Microsoft VS Code\bin;
USERNAME=Hp
OS=Windows_NT
PROCESSOR_IDENTIFIER=Intel64 Family 6 Model 126 Stepping 5, GenuineIntel



---------------  S Y S T E M  ---------------

OS:
 Windows 10 , 64 bit Build 22000 (10.0.22000.434)
OS uptime: 2 days 7:55 hours

CPU: total 4 (initial active 4) (2 cores per cpu, 2 threads per core) family 6 model 126 stepping 5 microcode 0xa0, cx8, cmov, fxsr, ht, mmx, 3dnowpref, sse, sse2, sse3, ssse3, sse4.1, sse4.2, popcnt, lzcnt, tsc, tscinvbit, avx, avx2, aes, erms, clmul, bmi1, bmi2, adx, avx512f, avx512dq, avx512cd, avx512bw, avx512vl, sha, fma, vzeroupper, avx512_vpopcntdq, avx512_vpclmulqdq, avx512_vaes, avx512_vnni, clflush, clflushopt, avx512_vbmi2, avx512_vbmi

Memory: 4k page, system-wide physical 7877M (783M free)
TotalPageFile size 10611M (AvailPageFile size 96M)
current process WorkingSet (physical memory assigned to process): 10M, peak: 10M
current process commit charge ("private bytes"): 51M, peak: 175M

vm_info: Java HotSpot(TM) 64-Bit Server VM (17.0.1+12-LTS-39) for windows-amd64 JRE (17.0.1+12-LTS-39), built on Sep 27 2021 18:41:35 by "mach5one" with MS VC++ 16.8 (VS2019)

END.
